# JRE version: OpenJDK Runtime Environment (8.0_152-b02) (build 1.8.0_152-release-1024-b02)
# Java VM: OpenJDK 64-Bit Server VM (25.152-b02 mixed mode windows-amd64 compressed oops)
Heap:
 PSYoungGen      total 121856K, used 22268K [0x00000000e0000000, 0x00000000e8600000, 0x0000000100000000)
  eden space 108544K, 9% used [0x00000000e0000000,0x00000000e099b460,0x00000000e6a00000)
  from space 13312K, 93% used [0x00000000e6a00000,0x00000000e7623d48,0x00000000e7700000)
  to   space 13312K, 0% used [0x00000000e7700000,0x00000000e7700000,0x00000000e8400000)
 ParOldGen       total 252928K, used 20491K [0x00000000a0000000, 0x00000000af700000, 0x00000000e0000000)
  object space 252928K, 8% used [0x00000000a0000000,0x00000000a1402e58,0x00000000af700000)
 Metaspace       used 42522K, capacity 43586K, committed 43904K, reserved 1087488K
  class space    used 5845K, capacity 6195K, committed 6272K, reserved 1048576K
GC Heap History (10 events):
Event: 6.453 GC heap before
{Heap before GC invocations=3 (full 1):
 PSYoungGen      total 95744K, used 13302K [0x00000000e0000000, 0x00000000e6a80000, 0x0000000100000000)
  eden space 82432K, 0% used [0x00000000e0000000,0x00000000e0000000,0x00000000e5080000)
  from space 13312K, 99% used [0x00000000e5d80000,0x00000000e6a7da28,0x00000000e6a80000)
  to   space 13312K, 0% used [0x00000000e5080000,0x00000000e5080000,0x00000000e5d80000)
 ParOldGen       total 218624K, used 127K [0x00000000a0000000, 0x00000000ad580000, 0x00000000e0000000)
  object space 218624K, 0% used [0x00000000a0000000,0x00000000a001ff10,0x00000000ad580000)
 Metaspace       used 20848K, capacity 21232K, committed 21248K, reserved 1067008K
  class space    used 2919K, capacity 3071K, committed 3072K, reserved 1048576K
Event: 6.534 GC heap after
Heap after GC invocations=3 (full 1):
 PSYoungGen      total 95744K, used 0K [0x00000000e0000000, 0x00000000e6a80000, 0x0000000100000000)
  eden space 82432K, 0% used [0x00000000e0000000,0x00000000e0000000,0x00000000e5080000)
  from space 13312K, 0% used [0x00000000e5d80000,0x00000000e5d80000,0x00000000e6a80000)
  to   space 13312K, 0% used [0x00000000e5080000,0x00000000e5080000,0x00000000e5d80000)
 ParOldGen       total 150016K, used 12999K [0x00000000a0000000, 0x00000000a9280000, 0x00000000e0000000)
  object space 150016K, 8% used [0x00000000a0000000,0x00000000a0cb1f20,0x00000000a9280000)
 Metaspace       used 20848K, capacity 21232K, committed 21248K, reserved 1067008K
  class space    used 2919K, capacity 3071K, committed 3072K, reserved 1048576K
}
Event: 8.116 GC heap before
{Heap before GC invocations=4 (full 1):
 PSYoungGen      total 95744K, used 82432K [0x00000000e0000000, 0x00000000e6a80000, 0x0000000100000000)
  eden space 82432K, 100% used [0x00000000e0000000,0x00000000e5080000,0x00000000e5080000)
  from space 13312K, 0% used [0x00000000e5d80000,0x00000000e5d80000,0x00000000e6a80000)
  to   space 13312K, 0% used [0x00000000e5080000,0x00000000e5080000,0x00000000e5d80000)
 ParOldGen       total 150016K, used 12999K [0x00000000a0000000, 0x00000000a9280000, 0x00000000e0000000)
  object space 150016K, 8% used [0x00000000a0000000,0x00000000a0cb1f20,0x00000000a9280000)
 Metaspace       used 27199K, capacity 27852K, committed 28032K, reserved 1073152K
  class space    used 3751K, capacity 3946K, committed 3968K, reserved 1048576K
Event: 8.123 GC heap after
Heap after GC invocations=4 (full 1):
 PSYoungGen      total 95744K, used 8510K [0x00000000e0000000, 0x00000000e8400000, 0x0000000100000000)
  eden space 82432K, 0% used [0x00000000e0000000,0x00000000e0000000,0x00000000e5080000)
  from space 13312K, 63% used [0x00000000e5080000,0x00000000e58cf9e8,0x00000000e5d80000)
  to   space 13312K, 0% used [0x00000000e7700000,0x00000000e7700000,0x00000000e8400000)
 ParOldGen       total 150016K, used 13007K [0x00000000a0000000, 0x00000000a9280000, 0x00000000e0000000)
  object space 150016K, 8% used [0x00000000a0000000,0x00000000a0cb3f20,0x00000000a9280000)
 Metaspace       used 27199K, capacity 27852K, committed 28032K, reserved 1073152K
  class space    used 3751K, capacity 3946K, committed 3968K, reserved 1048576K
}
Event: 9.677 GC heap before
{Heap before GC invocations=5 (full 1):
 PSYoungGen      total 95744K, used 90942K [0x00000000e0000000, 0x00000000e8400000, 0x0000000100000000)
  eden space 82432K, 100% used [0x00000000e0000000,0x00000000e5080000,0x00000000e5080000)
  from space 13312K, 63% used [0x00000000e5080000,0x00000000e58cf9e8,0x00000000e5d80000)
  to   space 13312K, 0% used [0x00000000e7700000,0x00000000e7700000,0x00000000e8400000)
 ParOldGen       total 150016K, used 13007K [0x00000000a0000000, 0x00000000a9280000, 0x00000000e0000000)
  object space 150016K, 8% used [0x00000000a0000000,0x00000000a0cb3f20,0x00000000a9280000)
 Metaspace       used 34542K, capacity 35300K, committed 35416K, reserved 1079296K
  class space    used 4840K, capacity 5091K, committed 5120K, reserved 1048576K
Event: 9.691 GC heap after
Heap after GC invocations=5 (full 1):
 PSYoungGen      total 121856K, used 13298K [0x00000000e0000000, 0x00000000e8600000, 0x0000000100000000)
  eden space 108544K, 0% used [0x00000000e0000000,0x00000000e0000000,0x00000000e6a00000)
  from space 13312K, 99% used [0x00000000e7700000,0x00000000e83fc9f0,0x00000000e8400000)
  to   space 13312K, 0% used [0x00000000e6a00000,0x00000000e6a00000,0x00000000e7700000)
 ParOldGen       total 150016K, used 13389K [0x00000000a0000000, 0x00000000a9280000, 0x00000000e0000000)
  object space 150016K, 8% used [0x00000000a0000000,0x00000000a0d13610,0x00000000a9280000)
 Metaspace       used 34542K, capacity 35300K, committed 35416K, reserved 1079296K
  class space    used 4840K, capacity 5091K, committed 5120K, reserved 1048576K
}
Event: 9.691 GC heap before
{Heap before GC invocations=6 (full 2):
 PSYoungGen      total 121856K, used 13298K [0x00000000e0000000, 0x00000000e8600000, 0x0000000100000000)
  eden space 108544K, 0% used [0x00000000e0000000,0x00000000e0000000,0x00000000e6a00000)
  from space 13312K, 99% used [0x00000000e7700000,0x00000000e83fc9f0,0x00000000e8400000)
  to   space 13312K, 0% used [0x00000000e6a00000,0x00000000e6a00000,0x00000000e7700000)
 ParOldGen       total 150016K, used 13389K [0x00000000a0000000, 0x00000000a9280000, 0x00000000e0000000)
  object space 150016K, 8% used [0x00000000a0000000,0x00000000a0d13610,0x00000000a9280000)
 Metaspace       used 34542K, capacity 35300K, committed 35416K, reserved 1079296K
  class space    used 4840K, capacity 5091K, committed 5120K, reserved 1048576K
Event: 9.744 GC heap after
Heap after GC invocations=6 (full 2):
 PSYoungGen      total 121856K, used 0K [0x00000000e0000000, 0x00000000e8600000, 0x0000000100000000)
  eden space 108544K, 0% used [0x00000000e0000000,0x00000000e0000000,0x00000000e6a00000)
  from space 13312K, 0% used [0x00000000e7700000,0x00000000e7700000,0x00000000e8400000)
  to   space 13312K, 0% used [0x00000000e6a00000,0x00000000e6a00000,0x00000000e7700000)
 ParOldGen       total 252928K, used 20483K [0x00000000a0000000, 0x00000000af700000, 0x00000000e0000000)
  object space 252928K, 8% used [0x00000000a0000000,0x00000000a1400e58,0x00000000af700000)
 Metaspace       used 34542K, capacity 35300K, committed 35416K, reserved 1079296K
  class space    used 4840K, capacity 5091K, committed 5120K, reserved 1048576K
}
Event: 11.414 GC heap before
{Heap before GC invocations=7 (full 2):
 PSYoungGen      total 121856K, used 108544K [0x00000000e0000000, 0x00000000e8600000, 0x0000000100000000)
  eden space 108544K, 100% used [0x00000000e0000000,0x00000000e6a00000,0x00000000e6a00000)
  from space 13312K, 0% used [0x00000000e7700000,0x00000000e7700000,0x00000000e8400000)
  to   space 13312K, 0% used [0x00000000e6a00000,0x00000000e6a00000,0x00000000e7700000)
 ParOldGen       total 252928K, used 20483K [0x00000000a0000000, 0x00000000af700000, 0x00000000e0000000)
  object space 252928K, 8% used [0x00000000a0000000,0x00000000a1400e58,0x00000000af700000)
 Metaspace       used 41425K, capacity 42470K, committed 42752K, reserved 1085440K
  class space    used 5702K, capacity 6061K, committed 6144K, reserved 1048576K
Event: 11.464 GC heap after
Heap after GC invocations=7 (full 2):
 PSYoungGen      total 121856K, used 12431K [0x00000000e0000000, 0x00000000e8600000, 0x0000000100000000)
  eden space 108544K, 0% used [0x00000000e0000000,0x00000000e0000000,0x00000000e6a00000)
  from space 13312K, 93% used [0x00000000e6a00000,0x00000000e7623d48,0x00000000e7700000)
  to   space 13312K, 0% used [0x00000000e7700000,0x00000000e7700000,0x00000000e8400000)
 ParOldGen       total 252928K, used 20491K [0x00000000a0000000, 0x00000000af700000, 0x00000000e0000000)
  object space 252928K, 8% used [0x00000000a0000000,0x00000000a1402e58,0x00000000af700000)
 Metaspace       used 41425K, capacity 42470K, committed 42752K, reserved 1085440K
  class space    used 5702K, capacity 6061K, committed 6144K, reserved 1048576K
}

