# JRE version: OpenJDK Runtime Environment (8.0_152-b02) (build 1.8.0_152-release-1024-b02)
# Java VM: OpenJDK 64-Bit Server VM (25.152-b02 mixed mode windows-amd64 compressed oops)
Heap:
 PSYoungGen      total 218112K, used 24424K [0x00000000e0000000, 0x00000000f1480000, 0x0000000100000000)
  eden space 190976K, 12% used [0x00000000e0000000,0x00000000e17da048,0x00000000eba80000)
  from space 27136K, 0% used [0x00000000ed680000,0x00000000ed680000,0x00000000ef100000)
  to   space 28672K, 0% used [0x00000000eba80000,0x00000000eba80000,0x00000000ed680000)
 ParOldGen       total 240128K, used 44561K [0x00000000a0000000, 0x00000000aea80000, 0x00000000e0000000)
  object space 240128K, 18% used [0x00000000a0000000,0x00000000a2b84668,0x00000000aea80000)
 Metaspace       used 57618K, capacity 59258K, committed 59352K, reserved 1099776K
  class space    used 7757K, capacity 8132K, committed 8192K, reserved 1048576K
GC Heap History (10 events):
Event: 6.488 GC heap before
{Heap before GC invocations=7 (full 2):
 PSYoungGen      total 122880K, used 110592K [0x00000000e0000000, 0x00000000e8680000, 0x0000000100000000)
  eden space 110592K, 100% used [0x00000000e0000000,0x00000000e6c00000,0x00000000e6c00000)
  from space 12288K, 0% used [0x00000000e7a80000,0x00000000e7a80000,0x00000000e8680000)
  to   space 13312K, 0% used [0x00000000e6c80000,0x00000000e6c80000,0x00000000e7980000)
 ParOldGen       total 240128K, used 18473K [0x00000000a0000000, 0x00000000aea80000, 0x00000000e0000000)
  object space 240128K, 7% used [0x00000000a0000000,0x00000000a120a6d0,0x00000000aea80000)
 Metaspace       used 41344K, capacity 42196K, committed 42328K, reserved 1085440K
  class space    used 5664K, capacity 5965K, committed 6016K, reserved 1048576K
Event: 6.498 GC heap after
Heap after GC invocations=7 (full 2):
 PSYoungGen      total 124416K, used 12442K [0x00000000e0000000, 0x00000000eae00000, 0x0000000100000000)
  eden space 111104K, 0% used [0x00000000e0000000,0x00000000e0000000,0x00000000e6c80000)
  from space 13312K, 93% used [0x00000000e6c80000,0x00000000e78a6990,0x00000000e7980000)
  to   space 15360K, 0% used [0x00000000e9f00000,0x00000000e9f00000,0x00000000eae00000)
 ParOldGen       total 240128K, used 18481K [0x00000000a0000000, 0x00000000aea80000, 0x00000000e0000000)
  object space 240128K, 7% used [0x00000000a0000000,0x00000000a120c6d0,0x00000000aea80000)
 Metaspace       used 41344K, capacity 42196K, committed 42328K, reserved 1085440K
  class space    used 5664K, capacity 5965K, committed 6016K, reserved 1048576K
}
Event: 8.274 GC heap before
{Heap before GC invocations=8 (full 2):
 PSYoungGen      total 124416K, used 123546K [0x00000000e0000000, 0x00000000eae00000, 0x0000000100000000)
  eden space 111104K, 100% used [0x00000000e0000000,0x00000000e6c80000,0x00000000e6c80000)
  from space 13312K, 93% used [0x00000000e6c80000,0x00000000e78a6990,0x00000000e7980000)
  to   space 15360K, 0% used [0x00000000e9f00000,0x00000000e9f00000,0x00000000eae00000)
 ParOldGen       total 240128K, used 18481K [0x00000000a0000000, 0x00000000aea80000, 0x00000000e0000000)
  object space 240128K, 7% used [0x00000000a0000000,0x00000000a120c6d0,0x00000000aea80000)
 Metaspace       used 51284K, capacity 52838K, committed 53080K, reserved 1095680K
  class space    used 7054K, capacity 7438K, committed 7552K, reserved 1048576K
Event: 8.298 GC heap after
Heap after GC invocations=8 (full 2):
 PSYoungGen      total 159744K, used 15346K [0x00000000e0000000, 0x00000000eb800000, 0x0000000100000000)
  eden space 144384K, 0% used [0x00000000e0000000,0x00000000e0000000,0x00000000e8d00000)
  from space 15360K, 99% used [0x00000000e9f00000,0x00000000eadfca70,0x00000000eae00000)
  to   space 18432K, 0% used [0x00000000e8d00000,0x00000000e8d00000,0x00000000e9f00000)
 ParOldGen       total 240128K, used 21138K [0x00000000a0000000, 0x00000000aea80000, 0x00000000e0000000)
  object space 240128K, 8% used [0x00000000a0000000,0x00000000a14a4a08,0x00000000aea80000)
 Metaspace       used 51284K, capacity 52838K, committed 53080K, reserved 1095680K
  class space    used 7054K, capacity 7438K, committed 7552K, reserved 1048576K
}
Event: 13.046 GC heap before
{Heap before GC invocations=9 (full 2):
 PSYoungGen      total 159744K, used 159730K [0x00000000e0000000, 0x00000000eb800000, 0x0000000100000000)
  eden space 144384K, 100% used [0x00000000e0000000,0x00000000e8d00000,0x00000000e8d00000)
  from space 15360K, 99% used [0x00000000e9f00000,0x00000000eadfca70,0x00000000eae00000)
  to   space 18432K, 0% used [0x00000000e8d00000,0x00000000e8d00000,0x00000000e9f00000)
 ParOldGen       total 240128K, used 21138K [0x00000000a0000000, 0x00000000aea80000, 0x00000000e0000000)
  object space 240128K, 8% used [0x00000000a0000000,0x00000000a14a4a08,0x00000000aea80000)
 Metaspace       used 55504K, capacity 57104K, committed 57304K, reserved 1099776K
  class space    used 7542K, capacity 7903K, committed 7936K, reserved 1048576K
Event: 13.070 GC heap after
Heap after GC invocations=9 (full 2):
 PSYoungGen      total 162816K, used 18415K [0x00000000e0000000, 0x00000000ef100000, 0x0000000100000000)
  eden space 144384K, 0% used [0x00000000e0000000,0x00000000e0000000,0x00000000e8d00000)
  from space 18432K, 99% used [0x00000000e8d00000,0x00000000e9efbe80,0x00000000e9f00000)
  to   space 27136K, 0% used [0x00000000ed680000,0x00000000ed680000,0x00000000ef100000)
 ParOldGen       total 240128K, used 34140K [0x00000000a0000000, 0x00000000aea80000, 0x00000000e0000000)
  object space 240128K, 14% used [0x00000000a0000000,0x00000000a2157008,0x00000000aea80000)
 Metaspace       used 55504K, capacity 57104K, committed 57304K, reserved 1099776K
  class space    used 7542K, capacity 7903K, committed 7936K, reserved 1048576K
}
Event: 13.412 GC heap before
{Heap before GC invocations=10 (full 2):
 PSYoungGen      total 162816K, used 45201K [0x00000000e0000000, 0x00000000ef100000, 0x0000000100000000)
  eden space 144384K, 18% used [0x00000000e0000000,0x00000000e1a28650,0x00000000e8d00000)
  from space 18432K, 99% used [0x00000000e8d00000,0x00000000e9efbe80,0x00000000e9f00000)
  to   space 27136K, 0% used [0x00000000ed680000,0x00000000ed680000,0x00000000ef100000)
 ParOldGen       total 240128K, used 34140K [0x00000000a0000000, 0x00000000aea80000, 0x00000000e0000000)
  object space 240128K, 14% used [0x00000000a0000000,0x00000000a2157008,0x00000000aea80000)
 Metaspace       used 57250K, capacity 58910K, committed 59028K, reserved 1099776K
  class space    used 7714K, capacity 8100K, committed 8192K, reserved 1048576K
Event: 13.435 GC heap after
Heap after GC invocations=10 (full 2):
 PSYoungGen      total 218112K, used 21342K [0x00000000e0000000, 0x00000000f1480000, 0x0000000100000000)
  eden space 190976K, 0% used [0x00000000e0000000,0x00000000e0000000,0x00000000eba80000)
  from space 27136K, 78% used [0x00000000ed680000,0x00000000eeb57920,0x00000000ef100000)
  to   space 28672K, 0% used [0x00000000eba80000,0x00000000eba80000,0x00000000ed680000)
 ParOldGen       total 240128K, used 34148K [0x00000000a0000000, 0x00000000aea80000, 0x00000000e0000000)
  object space 240128K, 14% used [0x00000000a0000000,0x00000000a2159008,0x00000000aea80000)
 Metaspace       used 57250K, capacity 58910K, committed 59028K, reserved 1099776K
  class space    used 7714K, capacity 8100K, committed 8192K, reserved 1048576K
}
Event: 13.435 GC heap before
{Heap before GC invocations=11 (full 3):
 PSYoungGen      total 218112K, used 21342K [0x00000000e0000000, 0x00000000f1480000, 0x0000000100000000)
  eden space 190976K, 0% used [0x00000000e0000000,0x00000000e0000000,0x00000000eba80000)
  from space 27136K, 78% used [0x00000000ed680000,0x00000000eeb57920,0x00000000ef100000)
  to   space 28672K, 0% used [0x00000000eba80000,0x00000000eba80000,0x00000000ed680000)
 ParOldGen       total 240128K, used 34148K [0x00000000a0000000, 0x00000000aea80000, 0x00000000e0000000)
  object space 240128K, 14% used [0x00000000a0000000,0x00000000a2159008,0x00000000aea80000)
 Metaspace       used 57250K, capacity 58910K, committed 59028K, reserved 1099776K
  class space    used 7714K, capacity 8100K, committed 8192K, reserved 1048576K
Event: 13.781 GC heap after
Heap after GC invocations=11 (full 3):
 PSYoungGen      total 218112K, used 0K [0x00000000e0000000, 0x00000000f1480000, 0x0000000100000000)
  eden space 190976K, 0% used [0x00000000e0000000,0x00000000e0000000,0x00000000eba80000)
  from space 27136K, 0% used [0x00000000ed680000,0x00000000ed680000,0x00000000ef100000)
  to   space 28672K, 0% used [0x00000000eba80000,0x00000000eba80000,0x00000000ed680000)
 ParOldGen       total 240128K, used 44561K [0x00000000a0000000, 0x00000000aea80000, 0x00000000e0000000)
  object space 240128K, 18% used [0x00000000a0000000,0x00000000a2b84668,0x00000000aea80000)
 Metaspace       used 57246K, capacity 58904K, committed 59028K, reserved 1099776K
  class space    used 7714K, capacity 8099K, committed 8192K, reserved 1048576K
}

