# JRE version: OpenJDK Runtime Environment (8.0_152-b02) (build 1.8.0_152-release-1024-b02)
# Java VM: OpenJDK 64-Bit Server VM (25.152-b02 mixed mode windows-amd64 compressed oops)
Heap:
 PSYoungGen      total 139264K, used 64266K [0x00000000e0000000, 0x00000000ee380000, 0x0000000100000000)
  eden space 124416K, 39% used [0x00000000e0000000,0x00000000e3046e20,0x00000000e7980000)
  from space 14848K, 99% used [0x00000000e8c00000,0x00000000e9a7ba70,0x00000000e9a80000)
  to   space 18944K, 0% used [0x00000000e7980000,0x00000000e7980000,0x00000000e8c00000)
 ParOldGen       total 186368K, used 23125K [0x00000000a0000000, 0x00000000ab600000, 0x00000000e0000000)
  object space 186368K, 12% used [0x00000000a0000000,0x00000000a16956c8,0x00000000ab600000)
 Metaspace       used 55719K, capacity 57350K, committed 57472K, reserved 1099776K
  class space    used 7580K, capacity 7994K, committed 8064K, reserved 1048576K
GC Heap History (10 events):
Event: 13.367 GC heap before
{Heap before GC invocations=4 (full 1):
 PSYoungGen      total 95744K, used 82432K [0x00000000e0000000, 0x00000000e6a80000, 0x0000000100000000)
  eden space 82432K, 100% used [0x00000000e0000000,0x00000000e5080000,0x00000000e5080000)
  from space 13312K, 0% used [0x00000000e5d80000,0x00000000e5d80000,0x00000000e6a80000)
  to   space 13312K, 0% used [0x00000000e5080000,0x00000000e5080000,0x00000000e5d80000)
 ParOldGen       total 123392K, used 12937K [0x00000000a0000000, 0x00000000a7880000, 0x00000000e0000000)
  object space 123392K, 10% used [0x00000000a0000000,0x00000000a0ca2600,0x00000000a7880000)
 Metaspace       used 27495K, capacity 27984K, committed 28160K, reserved 1073152K
  class space    used 3843K, capacity 3989K, committed 4096K, reserved 1048576K
Event: 13.373 GC heap after
Heap after GC invocations=4 (full 1):
 PSYoungGen      total 95744K, used 8449K [0x00000000e0000000, 0x00000000e9d80000, 0x0000000100000000)
  eden space 82432K, 0% used [0x00000000e0000000,0x00000000e0000000,0x00000000e5080000)
  from space 13312K, 63% used [0x00000000e5080000,0x00000000e58c07d0,0x00000000e5d80000)
  to   space 13312K, 0% used [0x00000000e9080000,0x00000000e9080000,0x00000000e9d80000)
 ParOldGen       total 123392K, used 12945K [0x00000000a0000000, 0x00000000a7880000, 0x00000000e0000000)
  object space 123392K, 10% used [0x00000000a0000000,0x00000000a0ca4600,0x00000000a7880000)
 Metaspace       used 27495K, capacity 27984K, committed 28160K, reserved 1073152K
  class space    used 3843K, capacity 3989K, committed 4096K, reserved 1048576K
}
Event: 17.812 GC heap before
{Heap before GC invocations=5 (full 1):
 PSYoungGen      total 95744K, used 86396K [0x00000000e0000000, 0x00000000e9d80000, 0x0000000100000000)
  eden space 82432K, 94% used [0x00000000e0000000,0x00000000e4c1eb90,0x00000000e5080000)
  from space 13312K, 63% used [0x00000000e5080000,0x00000000e58c07d0,0x00000000e5d80000)
  to   space 13312K, 0% used [0x00000000e9080000,0x00000000e9080000,0x00000000e9d80000)
 ParOldGen       total 123392K, used 12945K [0x00000000a0000000, 0x00000000a7880000, 0x00000000e0000000)
  object space 123392K, 10% used [0x00000000a0000000,0x00000000a0ca4600,0x00000000a7880000)
 Metaspace       used 34739K, capacity 35338K, committed 35416K, reserved 1079296K
  class space    used 4768K, capacity 4972K, committed 4992K, reserved 1048576K
Event: 17.822 GC heap after
Heap after GC invocations=5 (full 1):
 PSYoungGen      total 95232K, used 12784K [0x00000000e0000000, 0x00000000e9d00000, 0x0000000100000000)
  eden space 82432K, 0% used [0x00000000e0000000,0x00000000e0000000,0x00000000e5080000)
  from space 12800K, 99% used [0x00000000e9080000,0x00000000e9cfc190,0x00000000e9d00000)
  to   space 13312K, 0% used [0x00000000e8300000,0x00000000e8300000,0x00000000e9000000)
 ParOldGen       total 123392K, used 12953K [0x00000000a0000000, 0x00000000a7880000, 0x00000000e0000000)
  object space 123392K, 10% used [0x00000000a0000000,0x00000000a0ca6600,0x00000000a7880000)
 Metaspace       used 34739K, capacity 35338K, committed 35416K, reserved 1079296K
  class space    used 4768K, capacity 4972K, committed 4992K, reserved 1048576K
}
Event: 17.822 GC heap before
{Heap before GC invocations=6 (full 2):
 PSYoungGen      total 95232K, used 12784K [0x00000000e0000000, 0x00000000e9d00000, 0x0000000100000000)
  eden space 82432K, 0% used [0x00000000e0000000,0x00000000e0000000,0x00000000e5080000)
  from space 12800K, 99% used [0x00000000e9080000,0x00000000e9cfc190,0x00000000e9d00000)
  to   space 13312K, 0% used [0x00000000e8300000,0x00000000e8300000,0x00000000e9000000)
 ParOldGen       total 123392K, used 12953K [0x00000000a0000000, 0x00000000a7880000, 0x00000000e0000000)
  object space 123392K, 10% used [0x00000000a0000000,0x00000000a0ca6600,0x00000000a7880000)
 Metaspace       used 34739K, capacity 35338K, committed 35416K, reserved 1079296K
  class space    used 4768K, capacity 4972K, committed 4992K, reserved 1048576K
Event: 17.866 GC heap after
Heap after GC invocations=6 (full 2):
 PSYoungGen      total 95232K, used 0K [0x00000000e0000000, 0x00000000e9d00000, 0x0000000100000000)
  eden space 82432K, 0% used [0x00000000e0000000,0x00000000e0000000,0x00000000e5080000)
  from space 12800K, 0% used [0x00000000e9080000,0x00000000e9080000,0x00000000e9d00000)
  to   space 13312K, 0% used [0x00000000e8300000,0x00000000e8300000,0x00000000e9000000)
 ParOldGen       total 186368K, used 19346K [0x00000000a0000000, 0x00000000ab600000, 0x00000000e0000000)
  object space 186368K, 10% used [0x00000000a0000000,0x00000000a12e4a18,0x00000000ab600000)
 Metaspace       used 34716K, capacity 35250K, committed 35416K, reserved 1079296K
  class space    used 4762K, capacity 4964K, committed 4992K, reserved 1048576K
}
Event: 18.839 GC heap before
{Heap before GC invocations=7 (full 2):
 PSYoungGen      total 95232K, used 82432K [0x00000000e0000000, 0x00000000e9d00000, 0x0000000100000000)
  eden space 82432K, 100% used [0x00000000e0000000,0x00000000e5080000,0x00000000e5080000)
  from space 12800K, 0% used [0x00000000e9080000,0x00000000e9080000,0x00000000e9d00000)
  to   space 13312K, 0% used [0x00000000e8300000,0x00000000e8300000,0x00000000e9000000)
 ParOldGen       total 186368K, used 19346K [0x00000000a0000000, 0x00000000ab600000, 0x00000000e0000000)
  object space 186368K, 10% used [0x00000000a0000000,0x00000000a12e4a18,0x00000000ab600000)
 Metaspace       used 40862K, capacity 41550K, committed 41856K, reserved 1085440K
  class space    used 5495K, capacity 5719K, committed 5760K, reserved 1048576K
Event: 18.851 GC heap after
Heap after GC invocations=7 (full 2):
 PSYoungGen      total 136704K, used 8889K [0x00000000e0000000, 0x00000000e9a80000, 0x0000000100000000)
  eden space 127488K, 0% used [0x00000000e0000000,0x00000000e0000000,0x00000000e7c80000)
  from space 9216K, 96% used [0x00000000e8300000,0x00000000e8bae7e0,0x00000000e8c00000)
  to   space 14848K, 0% used [0x00000000e8c00000,0x00000000e8c00000,0x00000000e9a80000)
 ParOldGen       total 186368K, used 19354K [0x00000000a0000000, 0x00000000ab600000, 0x00000000e0000000)
  object space 186368K, 10% used [0x00000000a0000000,0x00000000a12e6a18,0x00000000ab600000)
 Metaspace       used 40862K, capacity 41550K, committed 41856K, reserved 1085440K
  class space    used 5495K, capacity 5719K, committed 5760K, reserved 1048576K
}
Event: 21.150 GC heap before
{Heap before GC invocations=8 (full 2):
 PSYoungGen      total 136704K, used 136377K [0x00000000e0000000, 0x00000000e9a80000, 0x0000000100000000)
  eden space 127488K, 100% used [0x00000000e0000000,0x00000000e7c80000,0x00000000e7c80000)
  from space 9216K, 96% used [0x00000000e8300000,0x00000000e8bae7e0,0x00000000e8c00000)
  to   space 14848K, 0% used [0x00000000e8c00000,0x00000000e8c00000,0x00000000e9a80000)
 ParOldGen       total 186368K, used 19354K [0x00000000a0000000, 0x00000000ab600000, 0x00000000e0000000)
  object space 186368K, 10% used [0x00000000a0000000,0x00000000a12e6a18,0x00000000ab600000)
 Metaspace       used 52377K, capacity 53778K, committed 54016K, reserved 1095680K
  class space    used 7077K, capacity 7412K, committed 7424K, reserved 1048576K
Event: 21.164 GC heap after
Heap after GC invocations=8 (full 2):
 PSYoungGen      total 139264K, used 14830K [0x00000000e0000000, 0x00000000ee380000, 0x0000000100000000)
  eden space 124416K, 0% used [0x00000000e0000000,0x00000000e0000000,0x00000000e7980000)
  from space 14848K, 99% used [0x00000000e8c00000,0x00000000e9a7ba70,0x00000000e9a80000)
  to   space 18944K, 0% used [0x00000000e7980000,0x00000000e7980000,0x00000000e8c00000)
 ParOldGen       total 186368K, used 23125K [0x00000000a0000000, 0x00000000ab600000, 0x00000000e0000000)
  object space 186368K, 12% used [0x00000000a0000000,0x00000000a16956c8,0x00000000ab600000)
 Metaspace       used 52377K, capacity 53778K, committed 54016K, reserved 1095680K
  class space    used 7077K, capacity 7412K, committed 7424K, reserved 1048576K
}

