# JRE version: OpenJDK Runtime Environment (8.0_152-b02) (build 1.8.0_152-release-1024-b02)
# Java VM: OpenJDK 64-Bit Server VM (25.152-b02 mixed mode windows-amd64 compressed oops)
Heap:
 PSYoungGen      total 133120K, used 6345K [0x00000000e0000000, 0x00000000e9680000, 0x0000000100000000)
  eden space 119808K, 5% used [0x00000000e0000000,0x00000000e0632740,0x00000000e7500000)
  from space 13312K, 0% used [0x00000000e8200000,0x00000000e8200000,0x00000000e8f00000)
  to   space 13312K, 0% used [0x00000000e7500000,0x00000000e7500000,0x00000000e8200000)
 ParOldGen       total 231424K, used 20544K [0x00000000a0000000, 0x00000000ae200000, 0x00000000e0000000)
  object space 231424K, 8% used [0x00000000a0000000,0x00000000a14100b0,0x00000000ae200000)
 Metaspace       used 35432K, capacity 36220K, committed 36480K, reserved 1081344K
  class space    used 4922K, capacity 5165K, committed 5248K, reserved 1048576K
GC Heap History (10 events):
Event: 3.540 GC heap before
{Heap before GC invocations=2 (full 0):
 PSYoungGen      total 95744K, used 83343K [0x00000000e0000000, 0x00000000e6a80000, 0x0000000100000000)
  eden space 82432K, 90% used [0x00000000e0000000,0x00000000e48b08b8,0x00000000e5080000)
  from space 13312K, 66% used [0x00000000e5080000,0x00000000e5933730,0x00000000e5d80000)
  to   space 13312K, 0% used [0x00000000e5d80000,0x00000000e5d80000,0x00000000e6a80000)
 ParOldGen       total 218624K, used 16K [0x00000000a0000000, 0x00000000ad580000, 0x00000000e0000000)
  object space 218624K, 0% used [0x00000000a0000000,0x00000000a0004000,0x00000000ad580000)
 Metaspace       used 20834K, capacity 21232K, committed 21248K, reserved 1067008K
  class space    used 2919K, capacity 3071K, committed 3072K, reserved 1048576K
Event: 3.553 GC heap after
Heap after GC invocations=2 (full 0):
 PSYoungGen      total 95744K, used 13302K [0x00000000e0000000, 0x00000000e6a80000, 0x0000000100000000)
  eden space 82432K, 0% used [0x00000000e0000000,0x00000000e0000000,0x00000000e5080000)
  from space 13312K, 99% used [0x00000000e5d80000,0x00000000e6a7d9b8,0x00000000e6a80000)
  to   space 13312K, 0% used [0x00000000e5080000,0x00000000e5080000,0x00000000e5d80000)
 ParOldGen       total 218624K, used 231K [0x00000000a0000000, 0x00000000ad580000, 0x00000000e0000000)
  object space 218624K, 0% used [0x00000000a0000000,0x00000000a0039f68,0x00000000ad580000)
 Metaspace       used 20834K, capacity 21232K, committed 21248K, reserved 1067008K
  class space    used 2919K, capacity 3071K, committed 3072K, reserved 1048576K
}
Event: 3.553 GC heap before
{Heap before GC invocations=3 (full 1):
 PSYoungGen      total 95744K, used 13302K [0x00000000e0000000, 0x00000000e6a80000, 0x0000000100000000)
  eden space 82432K, 0% used [0x00000000e0000000,0x00000000e0000000,0x00000000e5080000)
  from space 13312K, 99% used [0x00000000e5d80000,0x00000000e6a7d9b8,0x00000000e6a80000)
  to   space 13312K, 0% used [0x00000000e5080000,0x00000000e5080000,0x00000000e5d80000)
 ParOldGen       total 218624K, used 231K [0x00000000a0000000, 0x00000000ad580000, 0x00000000e0000000)
  object space 218624K, 0% used [0x00000000a0000000,0x00000000a0039f68,0x00000000ad580000)
 Metaspace       used 20834K, capacity 21232K, committed 21248K, reserved 1067008K
  class space    used 2919K, capacity 3071K, committed 3072K, reserved 1048576K
Event: 3.588 GC heap after
Heap after GC invocations=3 (full 1):
 PSYoungGen      total 95744K, used 0K [0x00000000e0000000, 0x00000000e6a80000, 0x0000000100000000)
  eden space 82432K, 0% used [0x00000000e0000000,0x00000000e0000000,0x00000000e5080000)
  from space 13312K, 0% used [0x00000000e5d80000,0x00000000e5d80000,0x00000000e6a80000)
  to   space 13312K, 0% used [0x00000000e5080000,0x00000000e5080000,0x00000000e5d80000)
 ParOldGen       total 142336K, used 12993K [0x00000000a0000000, 0x00000000a8b00000, 0x00000000e0000000)
  object space 142336K, 9% used [0x00000000a0000000,0x00000000a0cb0758,0x00000000a8b00000)
 Metaspace       used 20834K, capacity 21232K, committed 21248K, reserved 1067008K
  class space    used 2919K, capacity 3071K, committed 3072K, reserved 1048576K
}
Event: 4.953 GC heap before
{Heap before GC invocations=4 (full 1):
 PSYoungGen      total 95744K, used 82432K [0x00000000e0000000, 0x00000000e6a80000, 0x0000000100000000)
  eden space 82432K, 100% used [0x00000000e0000000,0x00000000e5080000,0x00000000e5080000)
  from space 13312K, 0% used [0x00000000e5d80000,0x00000000e5d80000,0x00000000e6a80000)
  to   space 13312K, 0% used [0x00000000e5080000,0x00000000e5080000,0x00000000e5d80000)
 ParOldGen       total 142336K, used 12993K [0x00000000a0000000, 0x00000000a8b00000, 0x00000000e0000000)
  object space 142336K, 9% used [0x00000000a0000000,0x00000000a0cb0758,0x00000000a8b00000)
 Metaspace       used 27180K, capacity 27852K, committed 28032K, reserved 1073152K
  class space    used 3750K, capacity 3946K, committed 3968K, reserved 1048576K
Event: 4.965 GC heap after
Heap after GC invocations=4 (full 1):
 PSYoungGen      total 95744K, used 8550K [0x00000000e0000000, 0x00000000e8f00000, 0x0000000100000000)
  eden space 82432K, 0% used [0x00000000e0000000,0x00000000e0000000,0x00000000e5080000)
  from space 13312K, 64% used [0x00000000e5080000,0x00000000e58d9ab8,0x00000000e5d80000)
  to   space 13312K, 0% used [0x00000000e8200000,0x00000000e8200000,0x00000000e8f00000)
 ParOldGen       total 142336K, used 13001K [0x00000000a0000000, 0x00000000a8b00000, 0x00000000e0000000)
  object space 142336K, 9% used [0x00000000a0000000,0x00000000a0cb2758,0x00000000a8b00000)
 Metaspace       used 27180K, capacity 27852K, committed 28032K, reserved 1073152K
  class space    used 3750K, capacity 3946K, committed 3968K, reserved 1048576K
}
Event: 6.632 GC heap before
{Heap before GC invocations=5 (full 1):
 PSYoungGen      total 95744K, used 90982K [0x00000000e0000000, 0x00000000e8f00000, 0x0000000100000000)
  eden space 82432K, 100% used [0x00000000e0000000,0x00000000e5080000,0x00000000e5080000)
  from space 13312K, 64% used [0x00000000e5080000,0x00000000e58d9ab8,0x00000000e5d80000)
  to   space 13312K, 0% used [0x00000000e8200000,0x00000000e8200000,0x00000000e8f00000)
 ParOldGen       total 142336K, used 13001K [0x00000000a0000000, 0x00000000a8b00000, 0x00000000e0000000)
  object space 142336K, 9% used [0x00000000a0000000,0x00000000a0cb2758,0x00000000a8b00000)
 Metaspace       used 34557K, capacity 35300K, committed 35416K, reserved 1079296K
  class space    used 4841K, capacity 5091K, committed 5120K, reserved 1048576K
Event: 6.670 GC heap after
Heap after GC invocations=5 (full 1):
 PSYoungGen      total 133120K, used 13305K [0x00000000e0000000, 0x00000000e9680000, 0x0000000100000000)
  eden space 119808K, 0% used [0x00000000e0000000,0x00000000e0000000,0x00000000e7500000)
  from space 13312K, 99% used [0x00000000e8200000,0x00000000e8efe4c8,0x00000000e8f00000)
  to   space 13312K, 0% used [0x00000000e7500000,0x00000000e7500000,0x00000000e8200000)
 ParOldGen       total 142336K, used 13328K [0x00000000a0000000, 0x00000000a8b00000, 0x00000000e0000000)
  object space 142336K, 9% used [0x00000000a0000000,0x00000000a0d042e8,0x00000000a8b00000)
 Metaspace       used 34557K, capacity 35300K, committed 35416K, reserved 1079296K
  class space    used 4841K, capacity 5091K, committed 5120K, reserved 1048576K
}
Event: 6.670 GC heap before
{Heap before GC invocations=6 (full 2):
 PSYoungGen      total 133120K, used 13305K [0x00000000e0000000, 0x00000000e9680000, 0x0000000100000000)
  eden space 119808K, 0% used [0x00000000e0000000,0x00000000e0000000,0x00000000e7500000)
  from space 13312K, 99% used [0x00000000e8200000,0x00000000e8efe4c8,0x00000000e8f00000)
  to   space 13312K, 0% used [0x00000000e7500000,0x00000000e7500000,0x00000000e8200000)
 ParOldGen       total 142336K, used 13328K [0x00000000a0000000, 0x00000000a8b00000, 0x00000000e0000000)
  object space 142336K, 9% used [0x00000000a0000000,0x00000000a0d042e8,0x00000000a8b00000)
 Metaspace       used 34557K, capacity 35300K, committed 35416K, reserved 1079296K
  class space    used 4841K, capacity 5091K, committed 5120K, reserved 1048576K
Event: 6.761 GC heap after
Heap after GC invocations=6 (full 2):
 PSYoungGen      total 133120K, used 0K [0x00000000e0000000, 0x00000000e9680000, 0x0000000100000000)
  eden space 119808K, 0% used [0x00000000e0000000,0x00000000e0000000,0x00000000e7500000)
  from space 13312K, 0% used [0x00000000e8200000,0x00000000e8200000,0x00000000e8f00000)
  to   space 13312K, 0% used [0x00000000e7500000,0x00000000e7500000,0x00000000e8200000)
 ParOldGen       total 231424K, used 20544K [0x00000000a0000000, 0x00000000ae200000, 0x00000000e0000000)
  object space 231424K, 8% used [0x00000000a0000000,0x00000000a14100b0,0x00000000ae200000)
 Metaspace       used 34557K, capacity 35300K, committed 35416K, reserved 1079296K
  class space    used 4841K, capacity 5091K, committed 5120K, reserved 1048576K
}

